# JRE version: Java(TM) SE Runtime Environment (8.0_171-b11) (build 1.8.0_171-b11)
# Java VM: Java HotSpot(TM) 64-Bit Server VM (25.171-b11 mixed mode windows-amd64 compressed oops)
Heap:
 par new generation   total 471872K, used 288174K [0x00000006c0000000, 0x00000006e0000000, 0x00000006e0000000)
  eden space 419456K,  58% used [0x00000006c0000000, 0x00000006cee76440, 0x00000006d99a0000)
  from space 52416K,  83% used [0x00000006dccd0000, 0x00000006df7c5600, 0x00000006e0000000)
  to   space 52416K,   0% used [0x00000006d99a0000, 0x00000006d99a0000, 0x00000006dccd0000)
 concurrent mark-sweep generation total 510324K, used 330211K [0x00000006e0000000, 0x00000006ff25d000, 0x00000007c0000000)
 Metaspace       used 93880K, capacity 94416K, committed 95264K, reserved 1130496K
  class space    used 14693K, capacity 14872K, committed 14948K, reserved 1048576K
GC Heap History (10 events):
Event: 29.773 GC heap before
{Heap before GC invocations=26 (full 8):
 par new generation   total 471872K, used 455388K [0x00000006c0000000, 0x00000006e0000000, 0x00000006e0000000)
  eden space 419456K, 100% used [0x00000006c0000000, 0x00000006d99a0000, 0x00000006d99a0000)
  from space 52416K,  68% used [0x00000006d99a0000, 0x00000006dbcb7178, 0x00000006dccd0000)
  to   space 52416K,   0% used [0x00000006dccd0000, 0x00000006dccd0000, 0x00000006e0000000)
 concurrent mark-sweep generation total 443564K, used 275030K [0x00000006e0000000, 0x00000006fb12b000, 0x00000007c0000000)
 Metaspace       used 81744K, capacity 82200K, committed 82976K, reserved 1120256K
  class space    used 12516K, capacity 12636K, committed 12644K, reserved 1048576K
Event: 29.789 GC heap after
Heap after GC invocations=27 (full 8):
 par new generation   total 471872K, used 51099K [0x00000006c0000000, 0x00000006e0000000, 0x00000006e0000000)
  eden space 419456K,   0% used [0x00000006c0000000, 0x00000006c0000000, 0x00000006d99a0000)
  from space 52416K,  97% used [0x00000006dccd0000, 0x00000006dfeb6e88, 0x00000006e0000000)
  to   space 52416K,   0% used [0x00000006d99a0000, 0x00000006d99a0000, 0x00000006dccd0000)
 concurrent mark-sweep generation total 443564K, used 275030K [0x00000006e0000000, 0x00000006fb12b000, 0x00000007c0000000)
 Metaspace       used 81744K, capacity 82200K, committed 82976K, reserved 1120256K
  class space    used 12516K, capacity 12636K, committed 12644K, reserved 1048576K
}
Event: 30.469 GC heap before
{Heap before GC invocations=27 (full 9):
 par new generation   total 471872K, used 470555K [0x00000006c0000000, 0x00000006e0000000, 0x00000006e0000000)
  eden space 419456K, 100% used [0x00000006c0000000, 0x00000006d99a0000, 0x00000006d99a0000)
  from space 52416K,  97% used [0x00000006dccd0000, 0x00000006dfeb6e88, 0x00000006e0000000)
  to   space 52416K,   0% used [0x00000006d99a0000, 0x00000006d99a0000, 0x00000006dccd0000)
 concurrent mark-sweep generation total 443564K, used 275030K [0x00000006e0000000, 0x00000006fb12b000, 0x00000007c0000000)
 Metaspace       used 84009K, capacity 84528K, committed 85152K, reserved 1122304K
  class space    used 12902K, capacity 13024K, committed 13028K, reserved 1048576K
Event: 30.495 GC heap after
Heap after GC invocations=28 (full 9):
 par new generation   total 471872K, used 46771K [0x00000006c0000000, 0x00000006e0000000, 0x00000006e0000000)
  eden space 419456K,   0% used [0x00000006c0000000, 0x00000006c0000000, 0x00000006d99a0000)
  from space 52416K,  89% used [0x00000006d99a0000, 0x00000006dc74cda0, 0x00000006dccd0000)
  to   space 52416K,   0% used [0x00000006dccd0000, 0x00000006dccd0000, 0x00000006e0000000)
 concurrent mark-sweep generation total 443564K, used 292455K [0x00000006e0000000, 0x00000006fb12b000, 0x00000007c0000000)
 Metaspace       used 84009K, capacity 84528K, committed 85152K, reserved 1122304K
  class space    used 12902K, capacity 13024K, committed 13028K, reserved 1048576K
}
Event: 31.250 GC heap before
{Heap before GC invocations=28 (full 9):
 par new generation   total 471872K, used 466227K [0x00000006c0000000, 0x00000006e0000000, 0x00000006e0000000)
  eden space 419456K, 100% used [0x00000006c0000000, 0x00000006d99a0000, 0x00000006d99a0000)
  from space 52416K,  89% used [0x00000006d99a0000, 0x00000006dc74cda0, 0x00000006dccd0000)
  to   space 52416K,   0% used [0x00000006dccd0000, 0x00000006dccd0000, 0x00000006e0000000)
 concurrent mark-sweep generation total 443564K, used 292455K [0x00000006e0000000, 0x00000006fb12b000, 0x00000007c0000000)
 Metaspace       used 86211K, capacity 86710K, committed 87584K, reserved 1124352K
  class space    used 13275K, capacity 13409K, committed 13412K, reserved 1048576K
Event: 31.273 GC heap after
Heap after GC invocations=29 (full 9):
 par new generation   total 471872K, used 45283K [0x00000006c0000000, 0x00000006e0000000, 0x00000006e0000000)
  eden space 419456K,   0% used [0x00000006c0000000, 0x00000006c0000000, 0x00000006d99a0000)
  from space 52416K,  86% used [0x00000006dccd0000, 0x00000006df908ec8, 0x00000006e0000000)
  to   space 52416K,   0% used [0x00000006d99a0000, 0x00000006d99a0000, 0x00000006dccd0000)
 concurrent mark-sweep generation total 443564K, used 298911K [0x00000006e0000000, 0x00000006fb12b000, 0x00000007c0000000)
 Metaspace       used 86211K, capacity 86710K, committed 87584K, reserved 1124352K
  class space    used 13275K, capacity 13409K, committed 13412K, reserved 1048576K
}
Event: 32.238 GC heap before
{Heap before GC invocations=29 (full 9):
 par new generation   total 471872K, used 464739K [0x00000006c0000000, 0x00000006e0000000, 0x00000006e0000000)
  eden space 419456K, 100% used [0x00000006c0000000, 0x00000006d99a0000, 0x00000006d99a0000)
  from space 52416K,  86% used [0x00000006dccd0000, 0x00000006df908ec8, 0x00000006e0000000)
  to   space 52416K,   0% used [0x00000006d99a0000, 0x00000006d99a0000, 0x00000006dccd0000)
 concurrent mark-sweep generation total 443564K, used 298880K [0x00000006e0000000, 0x00000006fb12b000, 0x00000007c0000000)
 Metaspace       used 89383K, capacity 89926K, committed 90656K, reserved 1126400K
  class space    used 13904K, capacity 14089K, committed 14180K, reserved 1048576K
Event: 32.263 GC heap after
Heap after GC invocations=30 (full 9):
 par new generation   total 471872K, used 49845K [0x00000006c0000000, 0x00000006e0000000, 0x00000006e0000000)
  eden space 419456K,   0% used [0x00000006c0000000, 0x00000006c0000000, 0x00000006d99a0000)
  from space 52416K,  95% used [0x00000006d99a0000, 0x00000006dca4d430, 0x00000006dccd0000)
  to   space 52416K,   0% used [0x00000006dccd0000, 0x00000006dccd0000, 0x00000006e0000000)
 concurrent mark-sweep generation total 443564K, used 306425K [0x00000006e0000000, 0x00000006fb12b000, 0x00000007c0000000)
 Metaspace       used 89383K, capacity 89926K, committed 90656K, reserved 1126400K
  class space    used 13904K, capacity 14089K, committed 14180K, reserved 1048576K
}
Event: 33.161 GC heap before
{Heap before GC invocations=30 (full 9):
 par new generation   total 471872K, used 469301K [0x00000006c0000000, 0x00000006e0000000, 0x00000006e0000000)
  eden space 419456K, 100% used [0x00000006c0000000, 0x00000006d99a0000, 0x00000006d99a0000)
  from space 52416K,  95% used [0x00000006d99a0000, 0x00000006dca4d430, 0x00000006dccd0000)
  to   space 52416K,   0% used [0x00000006dccd0000, 0x00000006dccd0000, 0x00000006e0000000)
 concurrent mark-sweep generation total 510324K, used 306193K [0x00000006e0000000, 0x00000006ff25d000, 0x00000007c0000000)
 Metaspace       used 92427K, capacity 92912K, committed 93728K, reserved 1128448K
  class space    used 14483K, capacity 14648K, committed 14692K, reserved 1048576K
Event: 33.194 GC heap after
Heap after GC invocations=31 (full 9):
 par new generation   total 471872K, used 43989K [0x00000006c0000000, 0x00000006e0000000, 0x00000006e0000000)
  eden space 419456K,   0% used [0x00000006c0000000, 0x00000006c0000000, 0x00000006d99a0000)
  from space 52416K,  83% used [0x00000006dccd0000, 0x00000006df7c5600, 0x00000006e0000000)
  to   space 52416K,   0% used [0x00000006d99a0000, 0x00000006d99a0000, 0x00000006dccd0000)
 concurrent mark-sweep generation total 510324K, used 330211K [0x00000006e0000000, 0x00000006ff25d000, 0x00000007c0000000)
 Metaspace       used 92427K, capacity 92912K, committed 93728K, reserved 1128448K
  class space    used 14483K, capacity 14648K, committed 14692K, reserved 1048576K
}

