# JRE version: Java(TM) SE Runtime Environment (8.0_171-b11) (build 1.8.0_171-b11)
# Java VM: Java HotSpot(TM) 64-Bit Server VM (25.171-b11 mixed mode windows-amd64 compressed oops)
Heap:
 par new generation   total 825792K, used 735466K [0x0000000600000000, 0x0000000638000000, 0x0000000638000000)
  eden space 734080K,  92% used [0x0000000600000000, 0x0000000629442df8, 0x000000062cce0000)
  from space 91712K,  64% used [0x000000062cce0000, 0x00000006306d7ae8, 0x0000000632670000)
  to   space 91712K,   0% used [0x0000000632670000, 0x0000000632670000, 0x0000000638000000)
 concurrent mark-sweep generation total 5309400K, used 3898387K [0x0000000638000000, 0x000000077c0f6000, 0x00000007c0000000)
 Metaspace       used 201999K, capacity 204325K, committed 205844K, reserved 1226752K
  class space    used 28015K, capacity 28516K, committed 28784K, reserved 1048576K
GC Heap History (10 events):
Event: 22852.584 GC heap before
{Heap before GC invocations=3556 (full 89):
 par new generation   total 825792K, used 793657K [0x0000000600000000, 0x0000000638000000, 0x0000000638000000)
  eden space 734080K, 100% used [0x0000000600000000, 0x000000062cce0000, 0x000000062cce0000)
  from space 91712K,  64% used [0x0000000632670000, 0x000000063609e638, 0x0000000638000000)
  to   space 91712K,   0% used [0x000000062cce0000, 0x000000062cce0000, 0x0000000632670000)
 concurrent mark-sweep generation total 5309400K, used 3897716K [0x0000000638000000, 0x000000077c0f6000, 0x00000007c0000000)
 Metaspace       used 201999K, capacity 204325K, committed 205844K, reserved 1226752K
  class space    used 28015K, capacity 28516K, committed 28784K, reserved 1048576K
Event: 22852.622 GC heap after
Heap after GC invocations=3557 (full 89):
 par new generation   total 825792K, used 66373K [0x0000000600000000, 0x0000000638000000, 0x0000000638000000)
  eden space 734080K,   0% used [0x0000000600000000, 0x0000000600000000, 0x000000062cce0000)
  from space 91712K,  72% used [0x000000062cce0000, 0x0000000630db15e0, 0x0000000632670000)
  to   space 91712K,   0% used [0x0000000632670000, 0x0000000632670000, 0x0000000638000000)
 concurrent mark-sweep generation total 5309400K, used 3897716K [0x0000000638000000, 0x000000077c0f6000, 0x00000007c0000000)
 Metaspace       used 201999K, capacity 204325K, committed 205844K, reserved 1226752K
  class space    used 28015K, capacity 28516K, committed 28784K, reserved 1048576K
}
Event: 22857.820 GC heap before
{Heap before GC invocations=3557 (full 89):
 par new generation   total 825792K, used 800453K [0x0000000600000000, 0x0000000638000000, 0x0000000638000000)
  eden space 734080K, 100% used [0x0000000600000000, 0x000000062cce0000, 0x000000062cce0000)
  from space 91712K,  72% used [0x000000062cce0000, 0x0000000630db15e0, 0x0000000632670000)
  to   space 91712K,   0% used [0x0000000632670000, 0x0000000632670000, 0x0000000638000000)
 concurrent mark-sweep generation total 5309400K, used 3897716K [0x0000000638000000, 0x000000077c0f6000, 0x00000007c0000000)
 Metaspace       used 201999K, capacity 204325K, committed 205844K, reserved 1226752K
  class space    used 28015K, capacity 28516K, committed 28784K, reserved 1048576K
Event: 22857.850 GC heap after
Heap after GC invocations=3558 (full 89):
 par new generation   total 825792K, used 52152K [0x0000000600000000, 0x0000000638000000, 0x0000000638000000)
  eden space 734080K,   0% used [0x0000000600000000, 0x0000000600000000, 0x000000062cce0000)
  from space 91712K,  56% used [0x0000000632670000, 0x000000063595e3e8, 0x0000000638000000)
  to   space 91712K,   0% used [0x000000062cce0000, 0x000000062cce0000, 0x0000000632670000)
 concurrent mark-sweep generation total 5309400K, used 3897716K [0x0000000638000000, 0x000000077c0f6000, 0x00000007c0000000)
 Metaspace       used 201999K, capacity 204325K, committed 205844K, reserved 1226752K
  class space    used 28015K, capacity 28516K, committed 28784K, reserved 1048576K
}
Event: 22865.288 GC heap before
{Heap before GC invocations=3558 (full 89):
 par new generation   total 825792K, used 786232K [0x0000000600000000, 0x0000000638000000, 0x0000000638000000)
  eden space 734080K, 100% used [0x0000000600000000, 0x000000062cce0000, 0x000000062cce0000)
  from space 91712K,  56% used [0x0000000632670000, 0x000000063595e3e8, 0x0000000638000000)
  to   space 91712K,   0% used [0x000000062cce0000, 0x000000062cce0000, 0x0000000632670000)
 concurrent mark-sweep generation total 5309400K, used 3897716K [0x0000000638000000, 0x000000077c0f6000, 0x00000007c0000000)
 Metaspace       used 201999K, capacity 204325K, committed 205844K, reserved 1226752K
  class space    used 28015K, capacity 28516K, committed 28784K, reserved 1048576K
Event: 22865.316 GC heap after
Heap after GC invocations=3559 (full 89):
 par new generation   total 825792K, used 57360K [0x0000000600000000, 0x0000000638000000, 0x0000000638000000)
  eden space 734080K,   0% used [0x0000000600000000, 0x0000000600000000, 0x000000062cce0000)
  from space 91712K,  62% used [0x000000062cce0000, 0x00000006304e4180, 0x0000000632670000)
  to   space 91712K,   0% used [0x0000000632670000, 0x0000000632670000, 0x0000000638000000)
 concurrent mark-sweep generation total 5309400K, used 3897716K [0x0000000638000000, 0x000000077c0f6000, 0x00000007c0000000)
 Metaspace       used 201999K, capacity 204325K, committed 205844K, reserved 1226752K
  class space    used 28015K, capacity 28516K, committed 28784K, reserved 1048576K
}
Event: 22871.979 GC heap before
{Heap before GC invocations=3559 (full 89):
 par new generation   total 825792K, used 791440K [0x0000000600000000, 0x0000000638000000, 0x0000000638000000)
  eden space 734080K, 100% used [0x0000000600000000, 0x000000062cce0000, 0x000000062cce0000)
  from space 91712K,  62% used [0x000000062cce0000, 0x00000006304e4180, 0x0000000632670000)
  to   space 91712K,   0% used [0x0000000632670000, 0x0000000632670000, 0x0000000638000000)
 concurrent mark-sweep generation total 5309400K, used 3897716K [0x0000000638000000, 0x000000077c0f6000, 0x00000007c0000000)
 Metaspace       used 201999K, capacity 204325K, committed 205844K, reserved 1226752K
  class space    used 28015K, capacity 28516K, committed 28784K, reserved 1048576K
Event: 22872.006 GC heap after
Heap after GC invocations=3560 (full 89):
 par new generation   total 825792K, used 60099K [0x0000000600000000, 0x0000000638000000, 0x0000000638000000)
  eden space 734080K,   0% used [0x0000000600000000, 0x0000000600000000, 0x000000062cce0000)
  from space 91712K,  65% used [0x0000000632670000, 0x0000000636120d50, 0x0000000638000000)
  to   space 91712K,   0% used [0x000000062cce0000, 0x000000062cce0000, 0x0000000632670000)
 concurrent mark-sweep generation total 5309400K, used 3898333K [0x0000000638000000, 0x000000077c0f6000, 0x00000007c0000000)
 Metaspace       used 201999K, capacity 204325K, committed 205844K, reserved 1226752K
  class space    used 28015K, capacity 28516K, committed 28784K, reserved 1048576K
}
Event: 22878.794 GC heap before
{Heap before GC invocations=3560 (full 89):
 par new generation   total 825792K, used 794179K [0x0000000600000000, 0x0000000638000000, 0x0000000638000000)
  eden space 734080K, 100% used [0x0000000600000000, 0x000000062cce0000, 0x000000062cce0000)
  from space 91712K,  65% used [0x0000000632670000, 0x0000000636120d50, 0x0000000638000000)
  to   space 91712K,   0% used [0x000000062cce0000, 0x000000062cce0000, 0x0000000632670000)
 concurrent mark-sweep generation total 5309400K, used 3898333K [0x0000000638000000, 0x000000077c0f6000, 0x00000007c0000000)
 Metaspace       used 201999K, capacity 204325K, committed 205844K, reserved 1226752K
  class space    used 28015K, capacity 28516K, committed 28784K, reserved 1048576K
Event: 22878.821 GC heap after
Heap after GC invocations=3561 (full 89):
 par new generation   total 825792K, used 59358K [0x0000000600000000, 0x0000000638000000, 0x0000000638000000)
  eden space 734080K,   0% used [0x0000000600000000, 0x0000000600000000, 0x000000062cce0000)
  from space 91712K,  64% used [0x000000062cce0000, 0x00000006306d7ae8, 0x0000000632670000)
  to   space 91712K,   0% used [0x0000000632670000, 0x0000000632670000, 0x0000000638000000)
 concurrent mark-sweep generation total 5309400K, used 3898387K [0x0000000638000000, 0x000000077c0f6000, 0x00000007c0000000)
 Metaspace       used 201999K, capacity 204325K, committed 205844K, reserved 1226752K
  class space    used 28015K, capacity 28516K, committed 28784K, reserved 1048576K
}

