# JRE version: Java(TM) SE Runtime Environment (8.0_171-b11) (build 1.8.0_171-b11)
# Java VM: Java HotSpot(TM) 64-Bit Server VM (25.171-b11 mixed mode windows-amd64 compressed oops)
Heap:
 par new generation   total 825792K, used 307632K [0x0000000600000000, 0x0000000638000000, 0x0000000638000000)
  eden space 734080K,  39% used [0x0000000600000000, 0x0000000611cfc030, 0x000000062cce0000)
  from space 91712K,  17% used [0x0000000632670000, 0x00000006335e0060, 0x0000000638000000)
  to   space 91712K,   0% used [0x000000062cce0000, 0x000000062cce0000, 0x0000000632670000)
 concurrent mark-sweep generation total 4606020K, used 3006393K [0x0000000638000000, 0x0000000751211000, 0x00000007c0000000)
 Metaspace       used 163346K, capacity 165511K, committed 165624K, reserved 1191936K
  class space    used 22749K, capacity 23221K, committed 23288K, reserved 1048576K
GC Heap History (10 events):
Event: 13044.267 GC heap before
{Heap before GC invocations=2130 (full 97):
 par new generation   total 825792K, used 741846K [0x0000000600000000, 0x0000000638000000, 0x0000000638000000)
  eden space 734080K, 100% used [0x0000000600000000, 0x000000062cce0000, 0x000000062cce0000)
  from space 91712K,   8% used [0x000000062cce0000, 0x000000062d475b50, 0x0000000632670000)
  to   space 91712K,   0% used [0x0000000632670000, 0x0000000632670000, 0x0000000638000000)
 concurrent mark-sweep generation total 4606020K, used 3004440K [0x0000000638000000, 0x0000000751211000, 0x00000007c0000000)
 Metaspace       used 163342K, capacity 165511K, committed 165624K, reserved 1191936K
  class space    used 22749K, capacity 23221K, committed 23288K, reserved 1048576K
Event: 13044.280 GC heap after
Heap after GC invocations=2131 (full 97):
 par new generation   total 825792K, used 7726K [0x0000000600000000, 0x0000000638000000, 0x0000000638000000)
  eden space 734080K,   0% used [0x0000000600000000, 0x0000000600000000, 0x000000062cce0000)
  from space 91712K,   8% used [0x0000000632670000, 0x0000000632dfb810, 0x0000000638000000)
  to   space 91712K,   0% used [0x000000062cce0000, 0x000000062cce0000, 0x0000000632670000)
 concurrent mark-sweep generation total 4606020K, used 3004693K [0x0000000638000000, 0x0000000751211000, 0x00000007c0000000)
 Metaspace       used 163342K, capacity 165511K, committed 165624K, reserved 1191936K
  class space    used 22749K, capacity 23221K, committed 23288K, reserved 1048576K
}
Event: 13049.568 GC heap before
{Heap before GC invocations=2131 (full 97):
 par new generation   total 825792K, used 741806K [0x0000000600000000, 0x0000000638000000, 0x0000000638000000)
  eden space 734080K, 100% used [0x0000000600000000, 0x000000062cce0000, 0x000000062cce0000)
  from space 91712K,   8% used [0x0000000632670000, 0x0000000632dfb810, 0x0000000638000000)
  to   space 91712K,   0% used [0x000000062cce0000, 0x000000062cce0000, 0x0000000632670000)
 concurrent mark-sweep generation total 4606020K, used 3004693K [0x0000000638000000, 0x0000000751211000, 0x00000007c0000000)
 Metaspace       used 163342K, capacity 165511K, committed 165624K, reserved 1191936K
  class space    used 22749K, capacity 23221K, committed 23288K, reserved 1048576K
Event: 13049.583 GC heap after
Heap after GC invocations=2132 (full 97):
 par new generation   total 825792K, used 9763K [0x0000000600000000, 0x0000000638000000, 0x0000000638000000)
  eden space 734080K,   0% used [0x0000000600000000, 0x0000000600000000, 0x000000062cce0000)
  from space 91712K,  10% used [0x000000062cce0000, 0x000000062d668f48, 0x0000000632670000)
  to   space 91712K,   0% used [0x0000000632670000, 0x0000000632670000, 0x0000000638000000)
 concurrent mark-sweep generation total 4606020K, used 3005235K [0x0000000638000000, 0x0000000751211000, 0x00000007c0000000)
 Metaspace       used 163342K, capacity 165511K, committed 165624K, reserved 1191936K
  class space    used 22749K, capacity 23221K, committed 23288K, reserved 1048576K
}
Event: 13056.838 GC heap before
{Heap before GC invocations=2132 (full 97):
 par new generation   total 825792K, used 743843K [0x0000000600000000, 0x0000000638000000, 0x0000000638000000)
  eden space 734080K, 100% used [0x0000000600000000, 0x000000062cce0000, 0x000000062cce0000)
  from space 91712K,  10% used [0x000000062cce0000, 0x000000062d668f98, 0x0000000632670000)
  to   space 91712K,   0% used [0x0000000632670000, 0x0000000632670000, 0x0000000638000000)
 concurrent mark-sweep generation total 4606020K, used 3005235K [0x0000000638000000, 0x0000000751211000, 0x00000007c0000000)
 Metaspace       used 163342K, capacity 165511K, committed 165624K, reserved 1191936K
  class space    used 22749K, capacity 23221K, committed 23288K, reserved 1048576K
Event: 13056.852 GC heap after
Heap after GC invocations=2133 (full 97):
 par new generation   total 825792K, used 9366K [0x0000000600000000, 0x0000000638000000, 0x0000000638000000)
  eden space 734080K,   0% used [0x0000000600000000, 0x0000000600000000, 0x000000062cce0000)
  from space 91712K,  10% used [0x0000000632670000, 0x0000000632f95980, 0x0000000638000000)
  to   space 91712K,   0% used [0x000000062cce0000, 0x000000062cce0000, 0x0000000632670000)
 concurrent mark-sweep generation total 4606020K, used 3005793K [0x0000000638000000, 0x0000000751211000, 0x00000007c0000000)
 Metaspace       used 163342K, capacity 165511K, committed 165624K, reserved 1191936K
  class space    used 22749K, capacity 23221K, committed 23288K, reserved 1048576K
}
Event: 13065.713 GC heap before
{Heap before GC invocations=2133 (full 97):
 par new generation   total 825792K, used 743446K [0x0000000600000000, 0x0000000638000000, 0x0000000638000000)
  eden space 734080K, 100% used [0x0000000600000000, 0x000000062cce0000, 0x000000062cce0000)
  from space 91712K,  10% used [0x0000000632670000, 0x0000000632f95980, 0x0000000638000000)
  to   space 91712K,   0% used [0x000000062cce0000, 0x000000062cce0000, 0x0000000632670000)
 concurrent mark-sweep generation total 4606020K, used 3005793K [0x0000000638000000, 0x0000000751211000, 0x00000007c0000000)
 Metaspace       used 163342K, capacity 165511K, committed 165624K, reserved 1191936K
  class space    used 22749K, capacity 23221K, committed 23288K, reserved 1048576K
Event: 13065.728 GC heap after
Heap after GC invocations=2134 (full 97):
 par new generation   total 825792K, used 13858K [0x0000000600000000, 0x0000000638000000, 0x0000000638000000)
  eden space 734080K,   0% used [0x0000000600000000, 0x0000000600000000, 0x000000062cce0000)
  from space 91712K,  15% used [0x000000062cce0000, 0x000000062da68a60, 0x0000000632670000)
  to   space 91712K,   0% used [0x0000000632670000, 0x0000000632670000, 0x0000000638000000)
 concurrent mark-sweep generation total 4606020K, used 3006295K [0x0000000638000000, 0x0000000751211000, 0x00000007c0000000)
 Metaspace       used 163342K, capacity 165511K, committed 165624K, reserved 1191936K
  class space    used 22749K, capacity 23221K, committed 23288K, reserved 1048576K
}
Event: 13074.416 GC heap before
{Heap before GC invocations=2134 (full 97):
 par new generation   total 825792K, used 747938K [0x0000000600000000, 0x0000000638000000, 0x0000000638000000)
  eden space 734080K, 100% used [0x0000000600000000, 0x000000062cce0000, 0x000000062cce0000)
  from space 91712K,  15% used [0x000000062cce0000, 0x000000062da68a60, 0x0000000632670000)
  to   space 91712K,   0% used [0x0000000632670000, 0x0000000632670000, 0x0000000638000000)
 concurrent mark-sweep generation total 4606020K, used 3006295K [0x0000000638000000, 0x0000000751211000, 0x00000007c0000000)
 Metaspace       used 163346K, capacity 165511K, committed 165624K, reserved 1191936K
  class space    used 22749K, capacity 23221K, committed 23288K, reserved 1048576K
Event: 13074.430 GC heap after
Heap after GC invocations=2135 (full 97):
 par new generation   total 825792K, used 15808K [0x0000000600000000, 0x0000000638000000, 0x0000000638000000)
  eden space 734080K,   0% used [0x0000000600000000, 0x0000000600000000, 0x000000062cce0000)
  from space 91712K,  17% used [0x0000000632670000, 0x00000006335e0060, 0x0000000638000000)
  to   space 91712K,   0% used [0x000000062cce0000, 0x000000062cce0000, 0x0000000632670000)
 concurrent mark-sweep generation total 4606020K, used 3006393K [0x0000000638000000, 0x0000000751211000, 0x00000007c0000000)
 Metaspace       used 163346K, capacity 165511K, committed 165624K, reserved 1191936K
  class space    used 22749K, capacity 23221K, committed 23288K, reserved 1048576K
}

