# JRE version: Java(TM) SE Runtime Environment (8.0_171-b11) (build 1.8.0_171-b11)
# Java VM: Java HotSpot(TM) 64-Bit Server VM (25.171-b11 mixed mode windows-amd64 compressed oops)
Heap:
 par new generation   total 471872K, used 243135K [0x00000006c0000000, 0x00000006e0000000, 0x00000006e0000000)
  eden space 419456K,  50% used [0x00000006c0000000, 0x00000006cd0c18d8, 0x00000006d99a0000)
  from space 52416K,  56% used [0x00000006d99a0000, 0x00000006db64e3f8, 0x00000006dccd0000)
  to   space 52416K,   0% used [0x00000006dccd0000, 0x00000006dccd0000, 0x00000006e0000000)
 concurrent mark-sweep generation total 3517148K, used 2343677K [0x00000006e0000000, 0x00000007b6ab7000, 0x00000007c0000000)
 Metaspace       used 162023K, capacity 163673K, committed 164324K, reserved 1189888K
  class space    used 22631K, capacity 23006K, committed 23052K, reserved 1048576K
GC Heap History (10 events):
Event: 14128.695 GC heap before
{Heap before GC invocations=3083 (full 72):
 par new generation   total 471872K, used 467064K [0x00000006c0000000, 0x00000006e0000000, 0x00000006e0000000)
  eden space 419456K, 100% used [0x00000006c0000000, 0x00000006d99a0000, 0x00000006d99a0000)
  from space 52416K,  90% used [0x00000006dccd0000, 0x00000006dfb4e3a8, 0x00000006e0000000)
  to   space 52416K,   0% used [0x00000006d99a0000, 0x00000006d99a0000, 0x00000006dccd0000)
 concurrent mark-sweep generation total 3517148K, used 2339772K [0x00000006e0000000, 0x00000007b6ab7000, 0x00000007c0000000)
 Metaspace       used 162023K, capacity 163673K, committed 164324K, reserved 1189888K
  class space    used 22631K, capacity 23006K, committed 23052K, reserved 1048576K
Event: 14128.724 GC heap after
Heap after GC invocations=3084 (full 72):
 par new generation   total 471872K, used 41747K [0x00000006c0000000, 0x00000006e0000000, 0x00000006e0000000)
  eden space 419456K,   0% used [0x00000006c0000000, 0x00000006c0000000, 0x00000006d99a0000)
  from space 52416K,  79% used [0x00000006d99a0000, 0x00000006dc264fe8, 0x00000006dccd0000)
  to   space 52416K,   0% used [0x00000006dccd0000, 0x00000006dccd0000, 0x00000006e0000000)
 concurrent mark-sweep generation total 3517148K, used 2341066K [0x00000006e0000000, 0x00000007b6ab7000, 0x00000007c0000000)
 Metaspace       used 162023K, capacity 163673K, committed 164324K, reserved 1189888K
  class space    used 22631K, capacity 23006K, committed 23052K, reserved 1048576K
}
Event: 14131.128 GC heap before
{Heap before GC invocations=3084 (full 72):
 par new generation   total 471872K, used 461203K [0x00000006c0000000, 0x00000006e0000000, 0x00000006e0000000)
  eden space 419456K, 100% used [0x00000006c0000000, 0x00000006d99a0000, 0x00000006d99a0000)
  from space 52416K,  79% used [0x00000006d99a0000, 0x00000006dc264fe8, 0x00000006dccd0000)
  to   space 52416K,   0% used [0x00000006dccd0000, 0x00000006dccd0000, 0x00000006e0000000)
 concurrent mark-sweep generation total 3517148K, used 2341066K [0x00000006e0000000, 0x00000007b6ab7000, 0x00000007c0000000)
 Metaspace       used 162023K, capacity 163673K, committed 164324K, reserved 1189888K
  class space    used 22631K, capacity 23006K, committed 23052K, reserved 1048576K
Event: 14131.151 GC heap after
Heap after GC invocations=3085 (full 72):
 par new generation   total 471872K, used 52416K [0x00000006c0000000, 0x00000006e0000000, 0x00000006e0000000)
  eden space 419456K,   0% used [0x00000006c0000000, 0x00000006c0000000, 0x00000006d99a0000)
  from space 52416K, 100% used [0x00000006dccd0000, 0x00000006e0000000, 0x00000006e0000000)
  to   space 52416K,   0% used [0x00000006d99a0000, 0x00000006d99a0000, 0x00000006dccd0000)
 concurrent mark-sweep generation total 3517148K, used 2341482K [0x00000006e0000000, 0x00000007b6ab7000, 0x00000007c0000000)
 Metaspace       used 162023K, capacity 163673K, committed 164324K, reserved 1189888K
  class space    used 22631K, capacity 23006K, committed 23052K, reserved 1048576K
}
Event: 14132.766 GC heap before
{Heap before GC invocations=3085 (full 72):
 par new generation   total 471872K, used 471872K [0x00000006c0000000, 0x00000006e0000000, 0x00000006e0000000)
  eden space 419456K, 100% used [0x00000006c0000000, 0x00000006d99a0000, 0x00000006d99a0000)
  from space 52416K, 100% used [0x00000006dccd0000, 0x00000006e0000000, 0x00000006e0000000)
  to   space 52416K,   0% used [0x00000006d99a0000, 0x00000006d99a0000, 0x00000006dccd0000)
 concurrent mark-sweep generation total 3517148K, used 2341482K [0x00000006e0000000, 0x00000007b6ab7000, 0x00000007c0000000)
 Metaspace       used 162023K, capacity 163673K, committed 164324K, reserved 1189888K
  class space    used 22631K, capacity 23006K, committed 23052K, reserved 1048576K
Event: 14132.788 GC heap after
Heap after GC invocations=3086 (full 72):
 par new generation   total 471872K, used 34259K [0x00000006c0000000, 0x00000006e0000000, 0x00000006e0000000)
  eden space 419456K,   0% used [0x00000006c0000000, 0x00000006c0000000, 0x00000006d99a0000)
  from space 52416K,  65% used [0x00000006d99a0000, 0x00000006dbb14d50, 0x00000006dccd0000)
  to   space 52416K,   0% used [0x00000006dccd0000, 0x00000006dccd0000, 0x00000006e0000000)
 concurrent mark-sweep generation total 3517148K, used 2342071K [0x00000006e0000000, 0x00000007b6ab7000, 0x00000007c0000000)
 Metaspace       used 162023K, capacity 163673K, committed 164324K, reserved 1189888K
  class space    used 22631K, capacity 23006K, committed 23052K, reserved 1048576K
}
Event: 14133.607 GC heap before
{Heap before GC invocations=3086 (full 72):
 par new generation   total 471872K, used 453715K [0x00000006c0000000, 0x00000006e0000000, 0x00000006e0000000)
  eden space 419456K, 100% used [0x00000006c0000000, 0x00000006d99a0000, 0x00000006d99a0000)
  from space 52416K,  65% used [0x00000006d99a0000, 0x00000006dbb14d50, 0x00000006dccd0000)
  to   space 52416K,   0% used [0x00000006dccd0000, 0x00000006dccd0000, 0x00000006e0000000)
 concurrent mark-sweep generation total 3517148K, used 2342071K [0x00000006e0000000, 0x00000007b6ab7000, 0x00000007c0000000)
 Metaspace       used 162023K, capacity 163673K, committed 164324K, reserved 1189888K
  class space    used 22631K, capacity 23006K, committed 23052K, reserved 1048576K
Event: 14133.631 GC heap after
Heap after GC invocations=3087 (full 72):
 par new generation   total 471872K, used 49782K [0x00000006c0000000, 0x00000006e0000000, 0x00000006e0000000)
  eden space 419456K,   0% used [0x00000006c0000000, 0x00000006c0000000, 0x00000006d99a0000)
  from space 52416K,  94% used [0x00000006dccd0000, 0x00000006dfd6d878, 0x00000006e0000000)
  to   space 52416K,   0% used [0x00000006d99a0000, 0x00000006d99a0000, 0x00000006dccd0000)
 concurrent mark-sweep generation total 3517148K, used 2342552K [0x00000006e0000000, 0x00000007b6ab7000, 0x00000007c0000000)
 Metaspace       used 162023K, capacity 163673K, committed 164324K, reserved 1189888K
  class space    used 22631K, capacity 23006K, committed 23052K, reserved 1048576K
}
Event: 14134.416 GC heap before
{Heap before GC invocations=3087 (full 72):
 par new generation   total 471872K, used 469238K [0x00000006c0000000, 0x00000006e0000000, 0x00000006e0000000)
  eden space 419456K, 100% used [0x00000006c0000000, 0x00000006d99a0000, 0x00000006d99a0000)
  from space 52416K,  94% used [0x00000006dccd0000, 0x00000006dfd6d878, 0x00000006e0000000)
  to   space 52416K,   0% used [0x00000006d99a0000, 0x00000006d99a0000, 0x00000006dccd0000)
 concurrent mark-sweep generation total 3517148K, used 2342552K [0x00000006e0000000, 0x00000007b6ab7000, 0x00000007c0000000)
 Metaspace       used 162023K, capacity 163673K, committed 164324K, reserved 1189888K
  class space    used 22631K, capacity 23006K, committed 23052K, reserved 1048576K
Event: 14134.441 GC heap after
Heap after GC invocations=3088 (full 72):
 par new generation   total 471872K, used 29368K [0x00000006c0000000, 0x00000006e0000000, 0x00000006e0000000)
  eden space 419456K,   0% used [0x00000006c0000000, 0x00000006c0000000, 0x00000006d99a0000)
  from space 52416K,  56% used [0x00000006d99a0000, 0x00000006db64e3f8, 0x00000006dccd0000)
  to   space 52416K,   0% used [0x00000006dccd0000, 0x00000006dccd0000, 0x00000006e0000000)
 concurrent mark-sweep generation total 3517148K, used 2343677K [0x00000006e0000000, 0x00000007b6ab7000, 0x00000007c0000000)
 Metaspace       used 162023K, capacity 163673K, committed 164324K, reserved 1189888K
  class space    used 22631K, capacity 23006K, committed 23052K, reserved 1048576K
}

